
ROM used:   1106/8192 (14%)
            1106/8192 (14%) including unused fragments

            1.1 Average locations per line
            8.4 Average locations per statement

RAM used:   33/368 (9%) at main() level
            49/368 (13%) worst case

Stack used: 4 worst case (4 in main + 0 for interrupts)
Stack size: 8

Lines Stmts  %   Files
----- ----- ---  -----
  103    72  55  pic.c
    7     0   0  TV_16f887.c
  768     0   0  ..\..\..\..\Program Files (x86)\PICC\Devices\16F887.H
  103    60  45  TV_LCD.c
----- -----
  981   132 Total

Page ROM  %  RAM   Vol Diff  Functions:
---- --- --- ---   --- ----  ----------
0     20   2    1             @delay_ms1
0     30   3    1   125  1.3  LCD_COMMAND
0     30   3    1   125  1.3  LCD_DATA
0     33   3    0   172  1.4  LCD_SETUP
0    217  20    2   696  4.3  giaima_lcd
0     37   3    5             @DIV1616
0     38   3    0   221  1.3  ht_lcd
0      9   1    0             @const645
0     86   8    4             @PSTRINGC7_637
0     13   1    0    57  1.0  HT_LCD_STOP
0      9   1    0             @const648
0     13   1    0    65  0.6  HT_LCD_START
0      9   1    0             @const650
0    202  18    4   343  4.5  CAM_BIEN_HOAT_DONG
 Inline         2             @ITOF
0    117  11   13             @MULFF
 Inline         4             @SFTOI
0     23   2    1   154  3.9  KT_PHIM
0    177  16    1  1378  7.8  MAIN
0     39   4    2             @MUL88
 Inline         0             @cinit1

Program metrics:
    Functions               10
    Statements              132
    Comments                132
    Volume (V)              5044
    Difficulty (D)          26.9
    Effort to implement (E) 135847
    Time to implement (T)   2 hours, 6 minutes
    Est Delivered Bugs (B)  1
    Cyclomatic Complexity   11
    Maintainability (MI)    66

 Segment     Used  Free
-----------  ----  ----
00000-00003     4  0  
00004-007FF  1102  942  
00800-00FFF     0  2048  
01000-017FF     0  2048  
01800-01FFF     0  2048  



